[debug] [2023-05-04T16:22:05.964Z] ----------------------------------------------------------------------
[debug] [2023-05-04T16:22:05.968Z] Command:       /usr/bin/node /usr/bin/firebase deploy
[debug] [2023-05-04T16:22:05.969Z] CLI Version:   11.29.1
[debug] [2023-05-04T16:22:05.969Z] Platform:      linux
[debug] [2023-05-04T16:22:05.970Z] Node Version:  v18.16.0
[debug] [2023-05-04T16:22:05.971Z] Time:          Thu May 04 2023 21:52:05 GMT+0530 (India Standard Time)
[debug] [2023-05-04T16:22:05.972Z] ----------------------------------------------------------------------
[debug] 
[debug] [2023-05-04T16:22:06.114Z] > command requires scopes: ["email","openid","https://www.googleapis.com/auth/cloudplatformprojects.readonly","https://www.googleapis.com/auth/firebase","https://www.googleapis.com/auth/cloud-platform"]
[debug] [2023-05-04T16:22:06.116Z] > authorizing via signed-in user (vishu.im.0007@gmail.com)
[debug] [2023-05-04T16:22:06.116Z] [iam] checking project gbn-alumni-1 for permissions ["firebase.projects.get","firebasehosting.sites.update"]
[debug] [2023-05-04T16:22:06.122Z] >>> [apiv2][query] POST https://cloudresourcemanager.googleapis.com/v1/projects/gbn-alumni-1:testIamPermissions [none]
[debug] [2023-05-04T16:22:06.123Z] >>> [apiv2][(partial)header] POST https://cloudresourcemanager.googleapis.com/v1/projects/gbn-alumni-1:testIamPermissions x-goog-quota-user=projects/gbn-alumni-1
[debug] [2023-05-04T16:22:06.123Z] >>> [apiv2][body] POST https://cloudresourcemanager.googleapis.com/v1/projects/gbn-alumni-1:testIamPermissions {"permissions":["firebase.projects.get","firebasehosting.sites.update"]}
[debug] [2023-05-04T16:22:09.054Z] <<< [apiv2][status] POST https://cloudresourcemanager.googleapis.com/v1/projects/gbn-alumni-1:testIamPermissions 200
[debug] [2023-05-04T16:22:09.059Z] <<< [apiv2][body] POST https://cloudresourcemanager.googleapis.com/v1/projects/gbn-alumni-1:testIamPermissions {"permissions":["firebase.projects.get","firebasehosting.sites.update"]}
[debug] [2023-05-04T16:22:09.069Z] >>> [apiv2][query] GET https://firebase.googleapis.com/v1beta1/projects/gbn-alumni-1 [none]
[debug] [2023-05-04T16:22:10.044Z] <<< [apiv2][status] GET https://firebase.googleapis.com/v1beta1/projects/gbn-alumni-1 200
[debug] [2023-05-04T16:22:10.050Z] <<< [apiv2][body] GET https://firebase.googleapis.com/v1beta1/projects/gbn-alumni-1 {"projectId":"gbn-alumni-1","projectNumber":"922584712045","displayName":"GBN-AlumnI-1","name":"projects/gbn-alumni-1","resources":{"hostingSite":"gbn-alumni-1"},"state":"ACTIVE","etag":"1_fe790735-3ec5-4ea6-8d38-3e622cb00668"}
[info] 
[info] === Deploying to 'gbn-alumni-1'...
[info] 
[info] i  deploying hosting 
[debug] [2023-05-04T16:22:10.103Z] >>> [apiv2][query] POST https://firebasehosting.googleapis.com/v1beta1/projects/-/sites/gbn-alumni-1/versions [none]
[debug] [2023-05-04T16:22:10.104Z] >>> [apiv2][body] POST https://firebasehosting.googleapis.com/v1beta1/projects/-/sites/gbn-alumni-1/versions {"status":"CREATED","labels":{"deployment-tool":"cli-firebase"}}
[debug] [2023-05-04T16:22:12.151Z] <<< [apiv2][status] POST https://firebasehosting.googleapis.com/v1beta1/projects/-/sites/gbn-alumni-1/versions 200
[debug] [2023-05-04T16:22:12.155Z] <<< [apiv2][body] POST https://firebasehosting.googleapis.com/v1beta1/projects/-/sites/gbn-alumni-1/versions {"name":"projects/922584712045/sites/gbn-alumni-1/versions/fbf751b2b499ce45","status":"CREATED","config":{},"labels":{"deployment-tool":"cli-firebase"}}
[info] i  hosting[gbn-alumni-1]: beginning deploy... 
[info] i  hosting[gbn-alumni-1]: found 17 files in build 
[debug] [2023-05-04T16:22:12.231Z] [hosting] uploading with 200 concurrency
[debug] [2023-05-04T16:22:13.197Z] [hosting] hash cache [YnVpbGQ] stored for 17 files
[debug] [2023-05-04T16:22:13.198Z] [hosting][hash queue][FINAL] {"max":947,"min":81,"avg":162.64705882352942,"active":0,"complete":17,"success":17,"errored":0,"retried":0,"total":17,"elapsed":957}
[debug] [2023-05-04T16:22:13.199Z] >>> [apiv2][query] POST https://firebasehosting.googleapis.com/v1beta1/projects/922584712045/sites/gbn-alumni-1/versions/fbf751b2b499ce45:populateFiles [none]
[debug] [2023-05-04T16:22:13.200Z] >>> [apiv2][body] POST https://firebasehosting.googleapis.com/v1beta1/projects/922584712045/sites/gbn-alumni-1/versions/fbf751b2b499ce45:populateFiles {"files":{"/asset-manifest.json":"53bb232078189d5a57fb78a1503857b2171b2884c7137aeab25165f3d2db16ae","/index.html":"43426f484758776f4726a648e2cb07b3c101107d470ed371f044094f7605f78f","/favicon.ico":"c599b7a91ab3627e3538125d9f40adc2d4bf949046984262670545dc7738af06","/robots.txt":"2544ca049f223a42bff01f72ad930a5edba75bbb7199d0f8430a02ff5aca16ec","/manifest.json":"0958a5e0c831126100c8c2d06a6bbaa665a3900f21aaff4130238a6f5a113aa1","/static/css/main.e1e07d75.css.map":"c94e1fc6f47af598fc71001f1417a9754b82e1e0b4663bf2b397a7e958f02e5a","/static/js/main.1d5d9f3f.js.LICENSE.txt":"09cd605845ef9d8328700d58e8da23c70a478126d4fa03bcffe0251197cdf0f9","/static/media/slick.2630a3e3eab21c607e21.svg":"e833374a2a7c50bc853e5ffc3f5cd629c072f85139c161f4c9cde24d779a3f20","/static/media/slick.295183786cd8a1389865.woff":"94d6b06620e204c7c7a163b806f382b7e784dfe120067484b447526b7c009189","/static/media/slick.a4e97f5a2a64f0ab1323.eot":"f71b3a7853f380177ec1dd20ad834a587f5bd2f7829c9a97740e71774b62c18d","/static/media/slick.c94f7671dcc99dce43e2.ttf":"df6ad11dd9bda822068ae06cb98a89c5fb2a2467c88d98238e5c685af55ac10e","/static/css/main.e1e07d75.css":"d4b85bf011210cd1b774ec83e9f5c5001fa1d96587dd2382f5a6084d265501ad","/static/js/main.1d5d9f3f.js":"1aaa7571c47bcdb885efaa222bf104de2f1c112897d863c480fe3aa46ce31ba9","/static/media/slider3.75f854c3429092a6f93a.jpg":"2da21ef8e6cbf5d66f1f97727ae4bc232db9ae2ed3cb922a53a29a4c4309dd3d","/static/media/slider2.66b2b6cc3d06387d00b2.jpg":"d53f6113ef745cc2c54ef62154e4e11938bae5e69be780592cdf2f8cee6383ff","/static/media/slider1.fa34c1394a3c911eb147.jpg":"a64a2a5442c8e72362b1ca006383f4aea7bc5c6f636e56478d853a714ebda5eb","/static/js/main.1d5d9f3f.js.map":"17abc4c4438b48cd4285a11e6f8053fa9800ae499c022ac0eb5b02d459bb85d3"}}
[debug] [2023-05-04T16:22:14.990Z] <<< [apiv2][status] POST https://firebasehosting.googleapis.com/v1beta1/projects/922584712045/sites/gbn-alumni-1/versions/fbf751b2b499ce45:populateFiles 200
[debug] [2023-05-04T16:22:14.991Z] <<< [apiv2][body] POST https://firebasehosting.googleapis.com/v1beta1/projects/922584712045/sites/gbn-alumni-1/versions/fbf751b2b499ce45:populateFiles {"uploadRequiredHashes":["17abc4c4438b48cd4285a11e6f8053fa9800ae499c022ac0eb5b02d459bb85d3","43426f484758776f4726a648e2cb07b3c101107d470ed371f044094f7605f78f","53bb232078189d5a57fb78a1503857b2171b2884c7137aeab25165f3d2db16ae","1aaa7571c47bcdb885efaa222bf104de2f1c112897d863c480fe3aa46ce31ba9"],"uploadUrl":"https://upload-firebasehosting.googleapis.com/upload/sites/gbn-alumni-1/versions/fbf751b2b499ce45/files"}
[debug] [2023-05-04T16:22:14.998Z] >>> [apiv2][query] POST https://upload-firebasehosting.googleapis.com/upload/sites/gbn-alumni-1/versions/fbf751b2b499ce45/files/17abc4c4438b48cd4285a11e6f8053fa9800ae499c022ac0eb5b02d459bb85d3 [none]
[debug] [2023-05-04T16:22:14.999Z] >>> [apiv2][body] POST https://upload-firebasehosting.googleapis.com/upload/sites/gbn-alumni-1/versions/fbf751b2b499ce45/files/17abc4c4438b48cd4285a11e6f8053fa9800ae499c022ac0eb5b02d459bb85d3 [stream]
[debug] [2023-05-04T16:22:15.009Z] >>> [apiv2][query] POST https://upload-firebasehosting.googleapis.com/upload/sites/gbn-alumni-1/versions/fbf751b2b499ce45/files/43426f484758776f4726a648e2cb07b3c101107d470ed371f044094f7605f78f [none]
[debug] [2023-05-04T16:22:15.009Z] >>> [apiv2][body] POST https://upload-firebasehosting.googleapis.com/upload/sites/gbn-alumni-1/versions/fbf751b2b499ce45/files/43426f484758776f4726a648e2cb07b3c101107d470ed371f044094f7605f78f [stream]
[debug] [2023-05-04T16:22:15.017Z] >>> [apiv2][query] POST https://upload-firebasehosting.googleapis.com/upload/sites/gbn-alumni-1/versions/fbf751b2b499ce45/files/53bb232078189d5a57fb78a1503857b2171b2884c7137aeab25165f3d2db16ae [none]
[debug] [2023-05-04T16:22:15.017Z] >>> [apiv2][body] POST https://upload-firebasehosting.googleapis.com/upload/sites/gbn-alumni-1/versions/fbf751b2b499ce45/files/53bb232078189d5a57fb78a1503857b2171b2884c7137aeab25165f3d2db16ae [stream]
[debug] [2023-05-04T16:22:15.024Z] >>> [apiv2][query] POST https://upload-firebasehosting.googleapis.com/upload/sites/gbn-alumni-1/versions/fbf751b2b499ce45/files/1aaa7571c47bcdb885efaa222bf104de2f1c112897d863c480fe3aa46ce31ba9 [none]
[debug] [2023-05-04T16:22:15.025Z] >>> [apiv2][body] POST https://upload-firebasehosting.googleapis.com/upload/sites/gbn-alumni-1/versions/fbf751b2b499ce45/files/1aaa7571c47bcdb885efaa222bf104de2f1c112897d863c480fe3aa46ce31ba9 [stream]
[debug] [2023-05-04T16:22:15.032Z] [hosting][populate queue][FINAL] {"max":1801,"min":1801,"avg":1801,"active":0,"complete":1,"success":1,"errored":0,"retried":0,"total":1,"elapsed":1836}
[debug] [2023-05-04T16:22:15.033Z] [hosting] uploads queued: 4
[debug] [2023-05-04T16:22:17.140Z] <<< [apiv2][status] POST https://upload-firebasehosting.googleapis.com/upload/sites/gbn-alumni-1/versions/fbf751b2b499ce45/files/43426f484758776f4726a648e2cb07b3c101107d470ed371f044094f7605f78f 200
[debug] [2023-05-04T16:22:17.141Z] <<< [apiv2][body] POST https://upload-firebasehosting.googleapis.com/upload/sites/gbn-alumni-1/versions/fbf751b2b499ce45/files/43426f484758776f4726a648e2cb07b3c101107d470ed371f044094f7605f78f [stream]
[debug] [2023-05-04T16:22:18.797Z] <<< [apiv2][status] POST https://upload-firebasehosting.googleapis.com/upload/sites/gbn-alumni-1/versions/fbf751b2b499ce45/files/53bb232078189d5a57fb78a1503857b2171b2884c7137aeab25165f3d2db16ae 200
[debug] [2023-05-04T16:22:18.797Z] <<< [apiv2][body] POST https://upload-firebasehosting.googleapis.com/upload/sites/gbn-alumni-1/versions/fbf751b2b499ce45/files/53bb232078189d5a57fb78a1503857b2171b2884c7137aeab25165f3d2db16ae [stream]
[debug] [2023-05-04T16:22:24.023Z] <<< [apiv2][status] POST https://upload-firebasehosting.googleapis.com/upload/sites/gbn-alumni-1/versions/fbf751b2b499ce45/files/1aaa7571c47bcdb885efaa222bf104de2f1c112897d863c480fe3aa46ce31ba9 200
[debug] [2023-05-04T16:22:24.024Z] <<< [apiv2][body] POST https://upload-firebasehosting.googleapis.com/upload/sites/gbn-alumni-1/versions/fbf751b2b499ce45/files/1aaa7571c47bcdb885efaa222bf104de2f1c112897d863c480fe3aa46ce31ba9 [stream]
[debug] [2023-05-04T16:22:37.340Z] <<< [apiv2][status] POST https://upload-firebasehosting.googleapis.com/upload/sites/gbn-alumni-1/versions/fbf751b2b499ce45/files/17abc4c4438b48cd4285a11e6f8053fa9800ae499c022ac0eb5b02d459bb85d3 200
[debug] [2023-05-04T16:22:37.341Z] <<< [apiv2][body] POST https://upload-firebasehosting.googleapis.com/upload/sites/gbn-alumni-1/versions/fbf751b2b499ce45/files/17abc4c4438b48cd4285a11e6f8053fa9800ae499c022ac0eb5b02d459bb85d3 [stream]
[debug] [2023-05-04T16:22:37.341Z] [hosting][upload queue][FINAL] {"max":22349,"min":2147,"avg":9331.75,"active":0,"complete":4,"success":4,"errored":0,"retried":0,"total":4,"elapsed":22349}
[info] ✔  hosting[gbn-alumni-1]: file upload complete 
[debug] [2023-05-04T16:22:37.342Z] [hosting] deploy completed after 25161ms
[debug] [2023-05-04T16:22:37.348Z] [
  {
    "config": {
      "public": "build",
      "ignore": [
        "firebase.json",
        "**/.*",
        "**/node_modules/**"
      ],
      "rewrites": [
        {
          "source": "**",
          "destination": "/index.html"
        }
      ],
      "site": "gbn-alumni-1"
    },
    "version": "projects/922584712045/sites/gbn-alumni-1/versions/fbf751b2b499ce45"
  }
]
[info] i  hosting[gbn-alumni-1]: finalizing version... 
[debug] [2023-05-04T16:22:37.359Z] >>> [apiv2][query] PATCH https://firebasehosting.googleapis.com/v1beta1/projects/-/sites/gbn-alumni-1/versions/fbf751b2b499ce45 updateMask=status%2Cconfig
[debug] [2023-05-04T16:22:37.360Z] >>> [apiv2][body] PATCH https://firebasehosting.googleapis.com/v1beta1/projects/-/sites/gbn-alumni-1/versions/fbf751b2b499ce45 {"status":"FINALIZED","config":{"rewrites":[{"glob":"**","path":"/index.html"}]}}
[debug] [2023-05-04T16:22:39.727Z] <<< [apiv2][status] PATCH https://firebasehosting.googleapis.com/v1beta1/projects/-/sites/gbn-alumni-1/versions/fbf751b2b499ce45 200
[debug] [2023-05-04T16:22:39.729Z] <<< [apiv2][body] PATCH https://firebasehosting.googleapis.com/v1beta1/projects/-/sites/gbn-alumni-1/versions/fbf751b2b499ce45 {"name":"projects/922584712045/sites/gbn-alumni-1/versions/fbf751b2b499ce45","status":"FINALIZED","config":{"rewrites":[{"glob":"**","path":"/index.html"}]},"labels":{"deployment-tool":"cli-firebase"},"createTime":"2023-05-04T16:22:11.257676Z","createUser":{"email":"vishu.im.0007@gmail.com"},"finalizeTime":"2023-05-04T16:22:39.000461Z","finalizeUser":{"email":"vishu.im.0007@gmail.com"}}
[debug] [2023-05-04T16:22:39.731Z] [hosting] finalized version for gbn-alumni-1:[object Object]
[info] ✔  hosting[gbn-alumni-1]: version finalized 
[info] i  hosting[gbn-alumni-1]: releasing new version... 
[debug] [2023-05-04T16:22:39.736Z] >>> [apiv2][query] POST https://firebasehosting.googleapis.com/v1beta1/projects/-/sites/gbn-alumni-1/channels/live/releases versionName=projects%2F922584712045%2Fsites%2Fgbn-alumni-1%2Fversions%2Ffbf751b2b499ce45
[debug] [2023-05-04T16:22:39.736Z] >>> [apiv2][body] POST https://firebasehosting.googleapis.com/v1beta1/projects/-/sites/gbn-alumni-1/channels/live/releases {}
[debug] [2023-05-04T16:22:41.713Z] <<< [apiv2][status] POST https://firebasehosting.googleapis.com/v1beta1/projects/-/sites/gbn-alumni-1/channels/live/releases 200
[debug] [2023-05-04T16:22:41.714Z] <<< [apiv2][body] POST https://firebasehosting.googleapis.com/v1beta1/projects/-/sites/gbn-alumni-1/channels/live/releases {"name":"projects/922584712045/sites/gbn-alumni-1/channels/live/releases/1683217360076000","version":{"name":"projects/922584712045/sites/gbn-alumni-1/versions/fbf751b2b499ce45","status":"FINALIZED","config":{"rewrites":[{"glob":"**","path":"/index.html"}]},"labels":{"deployment-tool":"cli-firebase"},"createTime":"2023-05-04T16:22:11.257676Z","createUser":{"email":"vishu.im.0007@gmail.com","imageUrl":"https://lh3.googleusercontent.com/a/AGNmyxb4XxumWVUCL0URNa2kmbPHNZwSnNh43Jr8O11ugQ"},"finalizeTime":"2023-05-04T16:22:39.000461Z","finalizeUser":{"email":"vishu.im.0007@gmail.com","imageUrl":"https://lh3.googleusercontent.com/a/AGNmyxb4XxumWVUCL0URNa2kmbPHNZwSnNh43Jr8O11ugQ"}},"type":"DEPLOY","releaseTime":"2023-05-04T16:22:40.076Z","releaseUser":{"email":"vishu.im.0007@gmail.com","imageUrl":"https://lh3.googleusercontent.com/a/AGNmyxb4XxumWVUCL0URNa2kmbPHNZwSnNh43Jr8O11ugQ"}}
[debug] [2023-05-04T16:22:41.715Z] [hosting] release: {"name":"projects/922584712045/sites/gbn-alumni-1/channels/live/releases/1683217360076000","version":{"name":"projects/922584712045/sites/gbn-alumni-1/versions/fbf751b2b499ce45","status":"FINALIZED","config":{"rewrites":[{"glob":"**","path":"/index.html"}]},"labels":{"deployment-tool":"cli-firebase"},"createTime":"2023-05-04T16:22:11.257676Z","createUser":{"email":"vishu.im.0007@gmail.com","imageUrl":"https://lh3.googleusercontent.com/a/AGNmyxb4XxumWVUCL0URNa2kmbPHNZwSnNh43Jr8O11ugQ"},"finalizeTime":"2023-05-04T16:22:39.000461Z","finalizeUser":{"email":"vishu.im.0007@gmail.com","imageUrl":"https://lh3.googleusercontent.com/a/AGNmyxb4XxumWVUCL0URNa2kmbPHNZwSnNh43Jr8O11ugQ"}},"type":"DEPLOY","releaseTime":"2023-05-04T16:22:40.076Z","releaseUser":{"email":"vishu.im.0007@gmail.com","imageUrl":"https://lh3.googleusercontent.com/a/AGNmyxb4XxumWVUCL0URNa2kmbPHNZwSnNh43Jr8O11ugQ"}}
[info] ✔  hosting[gbn-alumni-1]: release complete 
[info] 
[info] ✔  Deploy complete! 
[info] 
[info] Project Console: https://console.firebase.google.com/project/gbn-alumni-1/overview
[info] Hosting URL: https://gbn-alumni-1.web.app
[debug] [2023-05-04T16:22:48.317Z] Error: Timed out.
    at Timeout.<anonymous> (/usr/lib/node_modules/firebase-tools/lib/utils.js:253:49)
    at listOnTimeout (node:internal/timers:569:17)
    at process.processTimers (node:internal/timers:512:7)
[error] 
[error] Error: An unexpected error has occurred.
